<?xml version="1.0" encoding="UTF-8"?>
<!-- Generated by org.testng.reporters.JUnitXMLReporter -->
<testsuite hostname="chan-PC" ignored="0" name="Test" tests="6" failures="0" timestamp="2020-03-24T16:36:54 IST" time="0.244" errors="0">
  <testcase name="testcase4" time="0.031" classname="ctsonlinepackageee.Parallel2"/>
  <testcase name="testcase1" time="0.037" classname="ctsonlinepackageee.Parallel1"/>
  <testcase name="testcase6" time="0.009" classname="ctsonlinepackageee.Parallel2"/>
  <testcase name="testcase2" time="0.073" classname="ctsonlinepackageee.Parallel1"/>
  <testcase name="testcase3" time="0.079" classname="ctsonlinepackageee.Parallel1"/>
  <testcase name="testcase5" time="0.04" classname="ctsonlinepackageee.Parallel2"/>
</testsuite> <!-- Test -->
